{"message":"listening on port 80 ...","level":"info"}
{"message":"Connected to mongodb://localhost/vidly...","level":"info"}
{"message":"listening on port 80 ...","level":"info"}
{"message":"Connected to mongodb://localhost/vidly...","level":"info"}
{"message":"listening on port 80 ...","level":"info"}
{"message":"Connected to mongodb://localhost/vidly...","level":"info"}
{"message":"listening on port 80 ...","level":"info"}
{"message":"Connected to mongodb://localhost/vidly_tests...","level":"info"}
{"message":"listening on port 80 ...","level":"info"}
{"message":"Connected to mongodb://localhost/vidly_tests...","level":"info"}
{"message":"listening on port 80 ...","level":"info"}
{"message":"Connected to mongodb://localhost/vidly_tests...","level":"info"}
{"message":"listening on port 80 ...","level":"info"}
{"message":"Connected to mongodb://localhost/vidly_tests...","level":"info"}
{"message":"listening on port 80 ...","level":"info"}
{"message":"Connected to mongodb://localhost/vidly_tests...","level":"info"}
{"message":"listening on port 80 ...","level":"info"}
{"message":"Connected to mongodb://localhost/vidly_tests...","level":"info"}
{"message":"listening on port 80 ...","level":"info"}
{"message":"Connected to mongodb://localhost/vidly...","level":"info"}
{"message":"listening on port 80 ...","level":"info"}
{"message":"Connected to mongodb+srv://prakash:4567@cluster0.1tfgk.mongodb.net/myFirstDatabase?retryWrites=true&w=majority...","level":"info"}
{"message":"listening on port 80 ...","level":"info"}
{"message":"Connected to mongodb+srv://prakash:4567@cluster0.1tfgk.mongodb.net/myFirstDatabase?retryWrites=true&w=majority...","level":"info"}
{"expose":true,"statusCode":400,"status":400,"body":"{\n\t\"name\": \"prakash\",\n\t\"email\": \"vildy2@gmail.com\"\n\t\"password\": \"4567\"\n}","type":"entity.parse.failed","level":"error","message":"Unexpected string in JSON at position 52 Unexpected string in JSON at position 52","stack":"SyntaxError: Unexpected string in JSON at position 52\n    at JSON.parse (<anonymous>)\n    at parse (D:\\programming prakash\\xampp\\htdocs\\coding\\node_projects\\vidly\\node_modules\\body-parser\\lib\\types\\json.js:89:19)\n    at D:\\programming prakash\\xampp\\htdocs\\coding\\node_projects\\vidly\\node_modules\\body-parser\\lib\\read.js:121:18\n    at invokeCallback (D:\\programming prakash\\xampp\\htdocs\\coding\\node_projects\\vidly\\node_modules\\raw-body\\index.js:224:16)\n    at done (D:\\programming prakash\\xampp\\htdocs\\coding\\node_projects\\vidly\\node_modules\\raw-body\\index.js:213:7)\n    at IncomingMessage.onEnd (D:\\programming prakash\\xampp\\htdocs\\coding\\node_projects\\vidly\\node_modules\\raw-body\\index.js:273:7)\n    at IncomingMessage.emit (events.js:327:22)\n    at endReadableNT (internal/streams/readable.js:1327:12)\n    at processTicksAndRejections (internal/process/task_queues.js:80:21)"}
{"message":"listening on port 80 ...","level":"info"}
{"message":"Connected to mongodb+srv://prakash:4567@cluster0.1tfgk.mongodb.net/myFirstDatabase?retryWrites=true&w=majority...","level":"info"}
{"message":"listening on port 80 ...","level":"info"}
{"message":"Connected to mongodb+srv://prakash:4567@cluster0.1tfgk.mongodb.net/vidly2?retryWrites=true&w=majority...","level":"info"}
{"level":"error","message":"err is not defined err is not defined","stack":"ReferenceError: err is not defined\n    at D:\\programming prakash\\xampp\\htdocs\\coding\\node_projects\\vidly\\routes\\genres.js:48:15"}
{"message":"listening on port 80 ...","level":"info"}
{"message":"Connected to mongodb+srv://prakash:4567@cluster0.1tfgk.mongodb.net/vidly2?retryWrites=true&w=majority...","level":"info"}
{"code":"ERR_HTTP_HEADERS_SENT","level":"error","message":"Cannot set headers after they are sent to the client Cannot set headers after they are sent to the client","stack":"Error [ERR_HTTP_HEADERS_SENT]: Cannot set headers after they are sent to the client\n    at ServerResponse.setHeader (_http_outgoing.js:558:11)\n    at ServerResponse.header (D:\\programming prakash\\xampp\\htdocs\\coding\\node_projects\\vidly\\node_modules\\express\\lib\\response.js:771:10)\n    at ServerResponse.send (D:\\programming prakash\\xampp\\htdocs\\coding\\node_projects\\vidly\\node_modules\\express\\lib\\response.js:170:12)\n    at D:\\programming prakash\\xampp\\htdocs\\coding\\node_projects\\vidly\\routes\\genres.js:48:19"}
